[22:30:41] [main/INFO]: Loading Minecraft 1.20 with Fabric Loader 0.16.3
[22:30:41] [main/INFO]: Loading 10 mods:
	- fabricloader 0.16.3
	   \-- mixinextras 0.4.1
	- java 17
	- minecraft 1.20
	- voicechat 1.20-2.4.9
	   |-- fabric-api-base 0.4.29+b04edc7a27
	   |-- fabric-command-api-v2 2.2.11+b3afc78b27
	   |-- fabric-key-binding-api-v1 1.0.36+fb8d95da27
	   |-- fabric-lifecycle-events-v1 2.2.20+b3afc78b27
	   |-- fabric-networking-api-v1 1.3.8+b3afc78b27
	   \-- fabric-resource-loader-v0 0.11.7+f7923f6d27
[22:30:41] [main/INFO]: SpongePowered MIXIN Subsystem Version=0.8.7 Source=file:/workspaces/xd/servidor_minecraft/libraries/net/fabricmc/sponge-mixin/0.15.2+mixin.0.8.7/sponge-mixin-0.15.2+mixin.0.8.7.jar Service=Knot/Fabric Env=SERVER
[22:30:41] [main/INFO]: Compatibility level set to JAVA_16
[22:30:41] [main/INFO]: Compatibility level set to JAVA_17
[22:30:43] [main/INFO]: Initializing MixinExtras via com.llamalad7.mixinextras.service.MixinExtrasServiceImpl(version=0.4.1).
[22:30:50] [main/INFO]: Compatibility version 17
[22:30:50] [main/INFO]: Loading plugins
[22:30:50] [main/INFO]: Loaded 0 plugin(s)
[22:30:50] [main/INFO]: Initializing plugins
[22:30:50] [main/INFO]: Initialized 0 plugin(s)
[22:30:50] [main/INFO]: Environment: authHost='https://authserver.mojang.com', accountsHost='https://api.mojang.com', sessionHost='https://sessionserver.mojang.com', servicesHost='https://api.minecraftservices.com', name='PROD'
[22:30:53] [main/INFO]: Loaded 7 recipes
[22:30:53] [main/INFO]: Loaded 1271 advancements
[22:30:54] [Server thread/INFO]: Starting minecraft server version 1.20
[22:30:54] [Server thread/INFO]: Loading properties
[22:30:54] [Server thread/INFO]: Default game type: SURVIVAL
[22:30:54] [Server thread/INFO]: Generating keypair
[22:30:55] [Server thread/INFO]: Starting Minecraft server on *:25565
[22:30:55] [Server thread/INFO]: Using epoll channel type
[22:30:55] [Server thread/WARN]: **** SERVER IS RUNNING IN OFFLINE/INSECURE MODE!
[22:30:55] [Server thread/WARN]: The server will make no attempt to authenticate usernames. Beware.
[22:30:55] [Server thread/WARN]: While this makes the game possible to play without internet access, it also opens up the ability for hackers to connect with any username they choose.
[22:30:55] [Server thread/WARN]: To change this, set "online-mode" to "true" in the server.properties file.
[22:30:55] [Server thread/INFO]: Preparing level "world"
[22:31:00] [Server thread/INFO]: Preparing start region for dimension minecraft:overworld
[22:31:05] [Worker-Main-1/INFO]: Preparing spawn area: 0%
[22:31:05] [Worker-Main-1/INFO]: Preparing spawn area: 0%
[22:31:05] [Worker-Main-1/INFO]: Preparing spawn area: 0%
[22:31:05] [Worker-Main-1/INFO]: Preparing spawn area: 0%
[22:31:05] [Worker-Main-1/INFO]: Preparing spawn area: 0%
[22:31:05] [Worker-Main-1/INFO]: Preparing spawn area: 0%
[22:31:05] [Worker-Main-1/INFO]: Preparing spawn area: 0%
[22:31:05] [Worker-Main-1/INFO]: Preparing spawn area: 0%
[22:31:05] [Worker-Main-1/INFO]: Preparing spawn area: 0%
[22:31:05] [Worker-Main-1/INFO]: Preparing spawn area: 0%
[22:31:05] [Worker-Main-1/INFO]: Preparing spawn area: 0%
[22:31:06] [Worker-Main-1/INFO]: Preparing spawn area: 0%
[22:31:06] [Worker-Main-1/INFO]: Preparing spawn area: 0%
[22:31:07] [Server thread/INFO]: Time elapsed: 6649 ms
[22:31:07] [Server thread/INFO]: Done (12.214s)! For help, type "help"
[22:31:07] [Server thread/WARN]: Running in offline mode - Voice chat encryption is not secure!
[22:31:07] [VoiceChatServerThread/INFO]: Server started at port 25565
[22:39:57] [Server thread/INFO]: Unknown or incomplete command, see below for error
[22:39:57] [Server thread/INFO]: op<--[HERE]
[22:40:04] [Server thread/INFO]: Made Shadowne_ a server operator
